#
# There is insufficient memory for the Java Runtime Environment to continue.
# Native memory allocation (malloc) failed to allocate 32744 bytes for ChunkPool::allocate
# Possible reasons:
#   The system is out of physical RAM or swap space
#   The process is running with CompressedOops enabled, and the Java Heap may be blocking the growth of the native heap
# Possible solutions:
#   Reduce memory load on the system
#   Increase physical memory or swap space
#   Check if swap backing store is full
#   Decrease Java heap size (-Xmx/-Xms)
#   Decrease number of Java threads
#   Decrease Java thread stack sizes (-Xss)
#   Set larger code cache with -XX:ReservedCodeCacheSize=
#   JVM is running with Zero Based Compressed Oops mode in which the Java heap is
#     placed in the first 32GB address space. The Java Heap base address is the
#     maximum limit for the native heap growth. Please use -XX:HeapBaseMinAddress
#     to set the Java Heap base and to place the Java Heap above 32GB virtual address.
# This output file may be truncated or incomplete.
#
#  Out of Memory Error (arena.cpp:78), pid=17988, tid=25064
#
# JRE version: OpenJDK Runtime Environment (17.0.1+12) (build 17.0.1+12-39)
# Java VM: OpenJDK 64-Bit Server VM (17.0.1+12-39, mixed mode, emulated-client, sharing, tiered, compressed oops, compressed class ptrs, g1 gc, windows-amd64)
# No core dump will be written. Minidumps are not enabled by default on client versions of Windows
#

---------------  S U M M A R Y ------------

Command Line: -XX:TieredStopAtLevel=1 -Xverify:none -Dspring.output.ansi.enabled=always -javaagent:C:\Program Files\JetBrains\IntelliJ IDEA 2021.2\lib\idea_rt.jar=60029:C:\Program Files\JetBrains\IntelliJ IDEA 2021.2\bin -Dcom.sun.management.jmxremote -Dspring.jmx.enabled=true -Dspring.liveBeansView.mbeanDomain -Dspring.application.admin.enabled=true -Dfile.encoding=UTF-8 com.fitness.fitnessbuddy.FitnessBuddyApplication

Host: Intel(R) Core(TM) i7-10610U CPU @ 1.80GHz, 8 cores, 15G,  Windows 10 , 64 bit Build 19041 (10.0.19041.1202)
Time: Wed Oct 27 12:43:20 2021 Central Daylight Time elapsed time: 4.602739 seconds (0d 0h 0m 4s)

---------------  T H R E A D  ---------------

Current thread (0x000001a322620bc0):  JavaThread "C1 CompilerThread2" daemon [_thread_in_native, id=25064, stack(0x0000000e27e00000,0x0000000e27f00000)]


Current CompileTask:
C1:   4602 2495       1       org.springframework.core.annotation.TypeMappedAnnotation::adaptForAttribute (294 bytes)

Stack: [0x0000000e27e00000,0x0000000e27f00000]
Native frames: (J=compiled Java code, j=interpreted, Vv=VM code, C=native code)
V  [jvm.dll+0x66fa1a]
V  [jvm.dll+0x7ce5a4]
V  [jvm.dll+0x7cfd4e]
V  [jvm.dll+0x7d03b3]
V  [jvm.dll+0x242b05]
V  [jvm.dll+0xaa2a0]
V  [jvm.dll+0xaa5ec]
V  [jvm.dll+0xb5ccd]
V  [jvm.dll+0x17444b]
V  [jvm.dll+0x17c4ef]
V  [jvm.dll+0x17c370]
V  [jvm.dll+0x1740cf]
V  [jvm.dll+0x173176]
V  [jvm.dll+0x17cf9b]
V  [jvm.dll+0x1742a8]
V  [jvm.dll+0x1780cf]
V  [jvm.dll+0x1323c3]
V  [jvm.dll+0x131cbf]
V  [jvm.dll+0x131ef6]
V  [jvm.dll+0x13138a]
V  [jvm.dll+0x133051]
V  [jvm.dll+0x224848]
V  [jvm.dll+0x2229ac]
V  [jvm.dll+0x78435b]
V  [jvm.dll+0x77e91a]
V  [jvm.dll+0x66e845]
C  [ucrtbase.dll+0x21bb2]
C  [KERNEL32.DLL+0x17034]
C  [ntdll.dll+0x52651]


---------------  P R O C E S S  ---------------

Threads class SMR info:
_java_thread_list=0x000001a323a20680, length=18, elements={
0x000001a308745190, 0x000001a3212e45e0, 0x000001a3212e6370, 0x000001a3212f5880,
0x000001a3212f74b0, 0x000001a3212f9d80, 0x000001a3212fa640, 0x000001a3212fafb0,
0x000001a321f88420, 0x000001a3212c8040, 0x000001a322047590, 0x000001a32239c100,
0x000001a32239c5d0, 0x000001a3225c8920, 0x000001a322620bc0, 0x000001a3226210d0,
0x000001a3228ddd00, 0x000001a3229281e0
}

Java Threads: ( => current thread )
  0x000001a308745190 JavaThread "main" [_thread_blocked, id=15416, stack(0x0000000e26900000,0x0000000e26a00000)]
  0x000001a3212e45e0 JavaThread "Reference Handler" daemon [_thread_blocked, id=27812, stack(0x0000000e27000000,0x0000000e27100000)]
  0x000001a3212e6370 JavaThread "Finalizer" daemon [_thread_blocked, id=15828, stack(0x0000000e27100000,0x0000000e27200000)]
  0x000001a3212f5880 JavaThread "Signal Dispatcher" daemon [_thread_blocked, id=9960, stack(0x0000000e27200000,0x0000000e27300000)]
  0x000001a3212f74b0 JavaThread "Attach Listener" daemon [_thread_blocked, id=20560, stack(0x0000000e27300000,0x0000000e27400000)]
  0x000001a3212f9d80 JavaThread "Service Thread" daemon [_thread_blocked, id=9028, stack(0x0000000e27400000,0x0000000e27500000)]
  0x000001a3212fa640 JavaThread "Monitor Deflation Thread" daemon [_thread_blocked, id=10608, stack(0x0000000e27500000,0x0000000e27600000)]
  0x000001a3212fafb0 JavaThread "C1 CompilerThread0" daemon [_thread_in_native, id=16524, stack(0x0000000e27600000,0x0000000e27700000)]
  0x000001a321f88420 JavaThread "Sweeper thread" daemon [_thread_blocked, id=26320, stack(0x0000000e27700000,0x0000000e27800000)]
  0x000001a3212c8040 JavaThread "Common-Cleaner" daemon [_thread_blocked, id=12120, stack(0x0000000e27800000,0x0000000e27900000)]
  0x000001a322047590 JavaThread "C1 CompilerThread1" daemon [_thread_blocked, id=24296, stack(0x0000000e27900000,0x0000000e27a00000)]
  0x000001a32239c100 JavaThread "Monitor Ctrl-Break" daemon [_thread_in_native, id=3240, stack(0x0000000e27b00000,0x0000000e27c00000)]
  0x000001a32239c5d0 JavaThread "Notification Thread" daemon [_thread_blocked, id=3124, stack(0x0000000e27c00000,0x0000000e27d00000)]
  0x000001a3225c8920 JavaThread "RMI TCP Accept-0" daemon [_thread_in_native, id=11980, stack(0x0000000e27a00000,0x0000000e27b00000)]
=>0x000001a322620bc0 JavaThread "C1 CompilerThread2" daemon [_thread_in_native, id=25064, stack(0x0000000e27e00000,0x0000000e27f00000)]
  0x000001a3226210d0 JavaThread "C1 CompilerThread3" daemon [_thread_blocked, id=22952, stack(0x0000000e27f00000,0x0000000e28000000)]
  0x000001a3228ddd00 JavaThread "Thread-0" [_thread_blocked, id=4128, stack(0x0000000e28800000,0x0000000e28900000)]
  0x000001a3229281e0 JavaThread "restartedMain" [_thread_in_native, id=13064, stack(0x0000000e28900000,0x0000000e28a00000)]

Other Threads:
  0x000001a3212dfb40 VMThread "VM Thread" [stack: 0x0000000e26f00000,0x0000000e27000000] [id=23796]
  0x000001a308746050 WatcherThread [stack: 0x0000000e27d00000,0x0000000e27e00000] [id=21896]
  0x000001a308791960 GCTaskThread "GC Thread#0" [stack: 0x0000000e26a00000,0x0000000e26b00000] [id=22836]
  0x000001a3228bec30 GCTaskThread "GC Thread#1" [stack: 0x0000000e28000000,0x0000000e28100000] [id=9420]
  0x000001a3228beee0 GCTaskThread "GC Thread#2" [stack: 0x0000000e28100000,0x0000000e28200000] [id=15824]
  0x000001a3228ccfd0 GCTaskThread "GC Thread#3" [stack: 0x0000000e28200000,0x0000000e28300000] [id=13248]
  0x000001a3228d1b20 GCTaskThread "GC Thread#4" [stack: 0x0000000e28300000,0x0000000e28400000] [id=26232]
  0x000001a3228d21e0 GCTaskThread "GC Thread#5" [stack: 0x0000000e28400000,0x0000000e28500000] [id=12704]
  0x000001a322911840 GCTaskThread "GC Thread#6" [stack: 0x0000000e28500000,0x0000000e28600000] [id=500]
  0x000001a322911af0 GCTaskThread "GC Thread#7" [stack: 0x0000000e28600000,0x0000000e28700000] [id=25760]
  0x000001a3087a1be0 ConcurrentGCThread "G1 Main Marker" [stack: 0x0000000e26b00000,0x0000000e26c00000] [id=1160]
  0x000001a30854d4a0 ConcurrentGCThread "G1 Conc#0" [stack: 0x0000000e26c00000,0x0000000e26d00000] [id=3580]
  0x000001a321195500 ConcurrentGCThread "G1 Refine#0" [stack: 0x0000000e26d00000,0x0000000e26e00000] [id=24636]
  0x000001a3228e05d0 ConcurrentGCThread "G1 Refine#1" [stack: 0x0000000e28700000,0x0000000e28800000] [id=836]
  0x000001a3087ddad0 ConcurrentGCThread "G1 Service" [stack: 0x0000000e26e00000,0x0000000e26f00000] [id=25868]

Threads with active compile tasks:
C1 CompilerThread2     4664 2495       1       org.springframework.core.annotation.TypeMappedAnnotation::adaptForAttribute (294 bytes)

VM state: not at safepoint (normal execution)

VM Mutex/Monitor currently owned by a thread: None

Heap address: 0x0000000705000000, size: 4016 MB, Compressed Oops mode: Zero based, Oop shift amount: 3

CDS archive(s) mapped at: [0x0000000800000000-0x0000000800bc0000-0x0000000800bc0000), size 12320768, SharedBaseAddress: 0x0000000800000000, ArchiveRelocationMode: 0.
Compressed class space mapped at: 0x0000000800c00000-0x0000000840c00000, reserved size: 1073741824
Narrow klass base: 0x0000000800000000, Narrow klass shift: 0, Narrow klass range: 0x100000000

GC Precious Log:
 CPUs: 8 total, 8 available
 Memory: 16059M
 Large Page Support: Disabled
 NUMA Support: Disabled
 Compressed Oops: Enabled (Zero based)
 Heap Region Size: 2M
 Heap Min Capacity: 8M
 Heap Initial Capacity: 252M
 Heap Max Capacity: 4016M
 Pre-touch: Disabled
 Parallel Workers: 8
 Concurrent Workers: 2
 Concurrent Refinement Workers: 8
 Periodic GC: Disabled

Heap:
 garbage-first heap   total 258048K, used 45097K [0x0000000705000000, 0x0000000800000000)
  region size 2048K, 20 young (40960K), 1 survivors (2048K)
 Metaspace       used 15901K, committed 16128K, reserved 1064960K
  class space    used 2101K, committed 2176K, reserved 1048576K

Heap Regions: E=young(eden), S=young(survivor), O=old, HS=humongous(starts), HC=humongous(continues), CS=collection set, F=free, OA=open archive, CA=closed archive, TAMS=top-at-mark-start (previous, next)
|   0|0x0000000705000000, 0x0000000705200000, 0x0000000705200000|100%| O|  |TAMS 0x0000000705000000, 0x0000000705000000| Untracked 
|   1|0x0000000705200000, 0x0000000705400000, 0x0000000705400000|100%| O|  |TAMS 0x0000000705200000, 0x0000000705200000| Untracked 
|   2|0x0000000705400000, 0x0000000705600000, 0x0000000705600000|100%| O|  |TAMS 0x0000000705400000, 0x0000000705400000| Untracked 
|   3|0x0000000705600000, 0x000000070567d200, 0x0000000705800000| 24%| O|  |TAMS 0x0000000705600000, 0x0000000705600000| Untracked 
|   4|0x0000000705800000, 0x0000000705800000, 0x0000000705a00000|  0%| F|  |TAMS 0x0000000705800000, 0x0000000705800000| Untracked 
|   5|0x0000000705a00000, 0x0000000705a00000, 0x0000000705c00000|  0%| F|  |TAMS 0x0000000705a00000, 0x0000000705a00000| Untracked 
|   6|0x0000000705c00000, 0x0000000705c00000, 0x0000000705e00000|  0%| F|  |TAMS 0x0000000705c00000, 0x0000000705c00000| Untracked 
|   7|0x0000000705e00000, 0x0000000705e00000, 0x0000000706000000|  0%| F|  |TAMS 0x0000000705e00000, 0x0000000705e00000| Untracked 
|   8|0x0000000706000000, 0x0000000706000000, 0x0000000706200000|  0%| F|  |TAMS 0x0000000706000000, 0x0000000706000000| Untracked 
|   9|0x0000000706200000, 0x0000000706200000, 0x0000000706400000|  0%| F|  |TAMS 0x0000000706200000, 0x0000000706200000| Untracked 
|  10|0x0000000706400000, 0x0000000706400000, 0x0000000706600000|  0%| F|  |TAMS 0x0000000706400000, 0x0000000706400000| Untracked 
|  11|0x0000000706600000, 0x0000000706600000, 0x0000000706800000|  0%| F|  |TAMS 0x0000000706600000, 0x0000000706600000| Untracked 
|  12|0x0000000706800000, 0x0000000706800000, 0x0000000706a00000|  0%| F|  |TAMS 0x0000000706800000, 0x0000000706800000| Untracked 
|  13|0x0000000706a00000, 0x0000000706a00000, 0x0000000706c00000|  0%| F|  |TAMS 0x0000000706a00000, 0x0000000706a00000| Untracked 
|  14|0x0000000706c00000, 0x0000000706c00000, 0x0000000706e00000|  0%| F|  |TAMS 0x0000000706c00000, 0x0000000706c00000| Untracked 
|  15|0x0000000706e00000, 0x0000000706e00000, 0x0000000707000000|  0%| F|  |TAMS 0x0000000706e00000, 0x0000000706e00000| Untracked 
|  16|0x0000000707000000, 0x0000000707000000, 0x0000000707200000|  0%| F|  |TAMS 0x0000000707000000, 0x0000000707000000| Untracked 
|  17|0x0000000707200000, 0x0000000707200000, 0x0000000707400000|  0%| F|  |TAMS 0x0000000707200000, 0x0000000707200000| Untracked 
|  18|0x0000000707400000, 0x0000000707400000, 0x0000000707600000|  0%| F|  |TAMS 0x0000000707400000, 0x0000000707400000| Untracked 
|  19|0x0000000707600000, 0x0000000707600000, 0x0000000707800000|  0%| F|  |TAMS 0x0000000707600000, 0x0000000707600000| Untracked 
|  20|0x0000000707800000, 0x0000000707800000, 0x0000000707a00000|  0%| F|  |TAMS 0x0000000707800000, 0x0000000707800000| Untracked 
|  21|0x0000000707a00000, 0x0000000707a00000, 0x0000000707c00000|  0%| F|  |TAMS 0x0000000707a00000, 0x0000000707a00000| Untracked 
|  22|0x0000000707c00000, 0x0000000707c00000, 0x0000000707e00000|  0%| F|  |TAMS 0x0000000707c00000, 0x0000000707c00000| Untracked 
|  23|0x0000000707e00000, 0x0000000707e00000, 0x0000000708000000|  0%| F|  |TAMS 0x0000000707e00000, 0x0000000707e00000| Untracked 
|  24|0x0000000708000000, 0x0000000708000000, 0x0000000708200000|  0%| F|  |TAMS 0x0000000708000000, 0x0000000708000000| Untracked 
|  25|0x0000000708200000, 0x0000000708200000, 0x0000000708400000|  0%| F|  |TAMS 0x0000000708200000, 0x0000000708200000| Untracked 
|  26|0x0000000708400000, 0x0000000708400000, 0x0000000708600000|  0%| F|  |TAMS 0x0000000708400000, 0x0000000708400000| Untracked 
|  27|0x0000000708600000, 0x0000000708600000, 0x0000000708800000|  0%| F|  |TAMS 0x0000000708600000, 0x0000000708600000| Untracked 
|  28|0x0000000708800000, 0x0000000708800000, 0x0000000708a00000|  0%| F|  |TAMS 0x0000000708800000, 0x0000000708800000| Untracked 
|  29|0x0000000708a00000, 0x0000000708a00000, 0x0000000708c00000|  0%| F|  |TAMS 0x0000000708a00000, 0x0000000708a00000| Untracked 
|  30|0x0000000708c00000, 0x0000000708c00000, 0x0000000708e00000|  0%| F|  |TAMS 0x0000000708c00000, 0x0000000708c00000| Untracked 
|  31|0x0000000708e00000, 0x0000000708e00000, 0x0000000709000000|  0%| F|  |TAMS 0x0000000708e00000, 0x0000000708e00000| Untracked 
|  32|0x0000000709000000, 0x0000000709000000, 0x0000000709200000|  0%| F|  |TAMS 0x0000000709000000, 0x0000000709000000| Untracked 
|  33|0x0000000709200000, 0x0000000709200000, 0x0000000709400000|  0%| F|  |TAMS 0x0000000709200000, 0x0000000709200000| Untracked 
|  34|0x0000000709400000, 0x0000000709400000, 0x0000000709600000|  0%| F|  |TAMS 0x0000000709400000, 0x0000000709400000| Untracked 
|  35|0x0000000709600000, 0x0000000709600000, 0x0000000709800000|  0%| F|  |TAMS 0x0000000709600000, 0x0000000709600000| Untracked 
|  36|0x0000000709800000, 0x0000000709800000, 0x0000000709a00000|  0%| F|  |TAMS 0x0000000709800000, 0x0000000709800000| Untracked 
|  37|0x0000000709a00000, 0x0000000709a00000, 0x0000000709c00000|  0%| F|  |TAMS 0x0000000709a00000, 0x0000000709a00000| Untracked 
|  38|0x0000000709c00000, 0x0000000709c00000, 0x0000000709e00000|  0%| F|  |TAMS 0x0000000709c00000, 0x0000000709c00000| Untracked 
|  39|0x0000000709e00000, 0x0000000709e00000, 0x000000070a000000|  0%| F|  |TAMS 0x0000000709e00000, 0x0000000709e00000| Untracked 
|  40|0x000000070a000000, 0x000000070a000000, 0x000000070a200000|  0%| F|  |TAMS 0x000000070a000000, 0x000000070a000000| Untracked 
|  41|0x000000070a200000, 0x000000070a200000, 0x000000070a400000|  0%| F|  |TAMS 0x000000070a200000, 0x000000070a200000| Untracked 
|  42|0x000000070a400000, 0x000000070a400000, 0x000000070a600000|  0%| F|  |TAMS 0x000000070a400000, 0x000000070a400000| Untracked 
|  43|0x000000070a600000, 0x000000070a600000, 0x000000070a800000|  0%| F|  |TAMS 0x000000070a600000, 0x000000070a600000| Untracked 
|  44|0x000000070a800000, 0x000000070a800000, 0x000000070aa00000|  0%| F|  |TAMS 0x000000070a800000, 0x000000070a800000| Untracked 
|  45|0x000000070aa00000, 0x000000070aa00000, 0x000000070ac00000|  0%| F|  |TAMS 0x000000070aa00000, 0x000000070aa00000| Untracked 
|  46|0x000000070ac00000, 0x000000070ac00000, 0x000000070ae00000|  0%| F|  |TAMS 0x000000070ac00000, 0x000000070ac00000| Untracked 
|  47|0x000000070ae00000, 0x000000070ae00000, 0x000000070b000000|  0%| F|  |TAMS 0x000000070ae00000, 0x000000070ae00000| Untracked 
|  48|0x000000070b000000, 0x000000070b000000, 0x000000070b200000|  0%| F|  |TAMS 0x000000070b000000, 0x000000070b000000| Untracked 
|  49|0x000000070b200000, 0x000000070b200000, 0x000000070b400000|  0%| F|  |TAMS 0x000000070b200000, 0x000000070b200000| Untracked 
|  50|0x000000070b400000, 0x000000070b400000, 0x000000070b600000|  0%| F|  |TAMS 0x000000070b400000, 0x000000070b400000| Untracked 
|  51|0x000000070b600000, 0x000000070b600000, 0x000000070b800000|  0%| F|  |TAMS 0x000000070b600000, 0x000000070b600000| Untracked 
|  52|0x000000070b800000, 0x000000070b800000, 0x000000070ba00000|  0%| F|  |TAMS 0x000000070b800000, 0x000000070b800000| Untracked 
|  53|0x000000070ba00000, 0x000000070ba00000, 0x000000070bc00000|  0%| F|  |TAMS 0x000000070ba00000, 0x000000070ba00000| Untracked 
|  54|0x000000070bc00000, 0x000000070bc00000, 0x000000070be00000|  0%| F|  |TAMS 0x000000070bc00000, 0x000000070bc00000| Untracked 
|  55|0x000000070be00000, 0x000000070be00000, 0x000000070c000000|  0%| F|  |TAMS 0x000000070be00000, 0x000000070be00000| Untracked 
|  56|0x000000070c000000, 0x000000070c000000, 0x000000070c200000|  0%| F|  |TAMS 0x000000070c000000, 0x000000070c000000| Untracked 
|  57|0x000000070c200000, 0x000000070c200000, 0x000000070c400000|  0%| F|  |TAMS 0x000000070c200000, 0x000000070c200000| Untracked 
|  58|0x000000070c400000, 0x000000070c400000, 0x000000070c600000|  0%| F|  |TAMS 0x000000070c400000, 0x000000070c400000| Untracked 
|  59|0x000000070c600000, 0x000000070c600000, 0x000000070c800000|  0%| F|  |TAMS 0x000000070c600000, 0x000000070c600000| Untracked 
|  60|0x000000070c800000, 0x000000070c800000, 0x000000070ca00000|  0%| F|  |TAMS 0x000000070c800000, 0x000000070c800000| Untracked 
|  61|0x000000070ca00000, 0x000000070ca00000, 0x000000070cc00000|  0%| F|  |TAMS 0x000000070ca00000, 0x000000070ca00000| Untracked 
|  62|0x000000070cc00000, 0x000000070cc00000, 0x000000070ce00000|  0%| F|  |TAMS 0x000000070cc00000, 0x000000070cc00000| Untracked 
|  63|0x000000070ce00000, 0x000000070ce00000, 0x000000070d000000|  0%| F|  |TAMS 0x000000070ce00000, 0x000000070ce00000| Untracked 
|  64|0x000000070d000000, 0x000000070d000000, 0x000000070d200000|  0%| F|  |TAMS 0x000000070d000000, 0x000000070d000000| Untracked 
|  65|0x000000070d200000, 0x000000070d200000, 0x000000070d400000|  0%| F|  |TAMS 0x000000070d200000, 0x000000070d200000| Untracked 
|  66|0x000000070d400000, 0x000000070d400000, 0x000000070d600000|  0%| F|  |TAMS 0x000000070d400000, 0x000000070d400000| Untracked 
|  67|0x000000070d600000, 0x000000070d600000, 0x000000070d800000|  0%| F|  |TAMS 0x000000070d600000, 0x000000070d600000| Untracked 
|  68|0x000000070d800000, 0x000000070d800000, 0x000000070da00000|  0%| F|  |TAMS 0x000000070d800000, 0x000000070d800000| Untracked 
|  69|0x000000070da00000, 0x000000070da00000, 0x000000070dc00000|  0%| F|  |TAMS 0x000000070da00000, 0x000000070da00000| Untracked 
|  70|0x000000070dc00000, 0x000000070dc00000, 0x000000070de00000|  0%| F|  |TAMS 0x000000070dc00000, 0x000000070dc00000| Untracked 
|  71|0x000000070de00000, 0x000000070de00000, 0x000000070e000000|  0%| F|  |TAMS 0x000000070de00000, 0x000000070de00000| Untracked 
|  72|0x000000070e000000, 0x000000070e000000, 0x000000070e200000|  0%| F|  |TAMS 0x000000070e000000, 0x000000070e000000| Untracked 
|  73|0x000000070e200000, 0x000000070e200000, 0x000000070e400000|  0%| F|  |TAMS 0x000000070e200000, 0x000000070e200000| Untracked 
|  74|0x000000070e400000, 0x000000070e400000, 0x000000070e600000|  0%| F|  |TAMS 0x000000070e400000, 0x000000070e400000| Untracked 
|  75|0x000000070e600000, 0x000000070e600000, 0x000000070e800000|  0%| F|  |TAMS 0x000000070e600000, 0x000000070e600000| Untracked 
|  76|0x000000070e800000, 0x000000070e800000, 0x000000070ea00000|  0%| F|  |TAMS 0x000000070e800000, 0x000000070e800000| Untracked 
|  77|0x000000070ea00000, 0x000000070ea00000, 0x000000070ec00000|  0%| F|  |TAMS 0x000000070ea00000, 0x000000070ea00000| Untracked 
|  78|0x000000070ec00000, 0x000000070ec00000, 0x000000070ee00000|  0%| F|  |TAMS 0x000000070ec00000, 0x000000070ec00000| Untracked 
|  79|0x000000070ee00000, 0x000000070ee00000, 0x000000070f000000|  0%| F|  |TAMS 0x000000070ee00000, 0x000000070ee00000| Untracked 
|  80|0x000000070f000000, 0x000000070f000000, 0x000000070f200000|  0%| F|  |TAMS 0x000000070f000000, 0x000000070f000000| Untracked 
|  81|0x000000070f200000, 0x000000070f200000, 0x000000070f400000|  0%| F|  |TAMS 0x000000070f200000, 0x000000070f200000| Untracked 
|  82|0x000000070f400000, 0x000000070f400000, 0x000000070f600000|  0%| F|  |TAMS 0x000000070f400000, 0x000000070f400000| Untracked 
|  83|0x000000070f600000, 0x000000070f600000, 0x000000070f800000|  0%| F|  |TAMS 0x000000070f600000, 0x000000070f600000| Untracked 
|  84|0x000000070f800000, 0x000000070f800000, 0x000000070fa00000|  0%| F|  |TAMS 0x000000070f800000, 0x000000070f800000| Untracked 
|  85|0x000000070fa00000, 0x000000070fa00000, 0x000000070fc00000|  0%| F|  |TAMS 0x000000070fa00000, 0x000000070fa00000| Untracked 
|  86|0x000000070fc00000, 0x000000070fc00000, 0x000000070fe00000|  0%| F|  |TAMS 0x000000070fc00000, 0x000000070fc00000| Untracked 
|  87|0x000000070fe00000, 0x000000070fe00000, 0x0000000710000000|  0%| F|  |TAMS 0x000000070fe00000, 0x000000070fe00000| Untracked 
|  88|0x0000000710000000, 0x0000000710000000, 0x0000000710200000|  0%| F|  |TAMS 0x0000000710000000, 0x0000000710000000| Untracked 
|  89|0x0000000710200000, 0x0000000710200000, 0x0000000710400000|  0%| F|  |TAMS 0x0000000710200000, 0x0000000710200000| Untracked 
|  90|0x0000000710400000, 0x0000000710400000, 0x0000000710600000|  0%| F|  |TAMS 0x0000000710400000, 0x0000000710400000| Untracked 
|  91|0x0000000710600000, 0x0000000710600000, 0x0000000710800000|  0%| F|  |TAMS 0x0000000710600000, 0x0000000710600000| Untracked 
|  92|0x0000000710800000, 0x0000000710800000, 0x0000000710a00000|  0%| F|  |TAMS 0x0000000710800000, 0x0000000710800000| Untracked 
|  93|0x0000000710a00000, 0x0000000710a00000, 0x0000000710c00000|  0%| F|  |TAMS 0x0000000710a00000, 0x0000000710a00000| Untracked 
|  94|0x0000000710c00000, 0x0000000710c00000, 0x0000000710e00000|  0%| F|  |TAMS 0x0000000710c00000, 0x0000000710c00000| Untracked 
|  95|0x0000000710e00000, 0x0000000710e00000, 0x0000000711000000|  0%| F|  |TAMS 0x0000000710e00000, 0x0000000710e00000| Untracked 
|  96|0x0000000711000000, 0x0000000711000000, 0x0000000711200000|  0%| F|  |TAMS 0x0000000711000000, 0x0000000711000000| Untracked 
|  97|0x0000000711200000, 0x0000000711200000, 0x0000000711400000|  0%| F|  |TAMS 0x0000000711200000, 0x0000000711200000| Untracked 
|  98|0x0000000711400000, 0x0000000711400000, 0x0000000711600000|  0%| F|  |TAMS 0x0000000711400000, 0x0000000711400000| Untracked 
|  99|0x0000000711600000, 0x0000000711600000, 0x0000000711800000|  0%| F|  |TAMS 0x0000000711600000, 0x0000000711600000| Untracked 
| 100|0x0000000711800000, 0x0000000711800000, 0x0000000711a00000|  0%| F|  |TAMS 0x0000000711800000, 0x0000000711800000| Untracked 
| 101|0x0000000711a00000, 0x0000000711a00000, 0x0000000711c00000|  0%| F|  |TAMS 0x0000000711a00000, 0x0000000711a00000| Untracked 
| 102|0x0000000711c00000, 0x0000000711c00000, 0x0000000711e00000|  0%| F|  |TAMS 0x0000000711c00000, 0x0000000711c00000| Untracked 
| 103|0x0000000711e00000, 0x0000000711e00000, 0x0000000712000000|  0%| F|  |TAMS 0x0000000711e00000, 0x0000000711e00000| Untracked 
| 104|0x0000000712000000, 0x0000000712000000, 0x0000000712200000|  0%| F|  |TAMS 0x0000000712000000, 0x0000000712000000| Untracked 
| 105|0x0000000712200000, 0x0000000712200000, 0x0000000712400000|  0%| F|  |TAMS 0x0000000712200000, 0x0000000712200000| Untracked 
| 106|0x0000000712400000, 0x00000007125c32f0, 0x0000000712600000| 88%| E|  |TAMS 0x0000000712400000, 0x0000000712400000| Complete 
| 107|0x0000000712600000, 0x0000000712800000, 0x0000000712800000|100%| E|CS|TAMS 0x0000000712600000, 0x0000000712600000| Complete 
| 108|0x0000000712800000, 0x0000000712a00000, 0x0000000712a00000|100%| E|CS|TAMS 0x0000000712800000, 0x0000000712800000| Complete 
| 109|0x0000000712a00000, 0x0000000712c00000, 0x0000000712c00000|100%| E|CS|TAMS 0x0000000712a00000, 0x0000000712a00000| Complete 
| 110|0x0000000712c00000, 0x0000000712e00000, 0x0000000712e00000|100%| E|CS|TAMS 0x0000000712c00000, 0x0000000712c00000| Complete 
| 111|0x0000000712e00000, 0x0000000713000000, 0x0000000713000000|100%| E|CS|TAMS 0x0000000712e00000, 0x0000000712e00000| Complete 
| 112|0x0000000713000000, 0x0000000713200000, 0x0000000713200000|100%| E|CS|TAMS 0x0000000713000000, 0x0000000713000000| Complete 
| 113|0x0000000713200000, 0x0000000713400000, 0x0000000713400000|100%| E|CS|TAMS 0x0000000713200000, 0x0000000713200000| Complete 
| 114|0x0000000713400000, 0x0000000713600000, 0x0000000713600000|100%| E|CS|TAMS 0x0000000713400000, 0x0000000713400000| Complete 
| 115|0x0000000713600000, 0x0000000713800000, 0x0000000713800000|100%| E|CS|TAMS 0x0000000713600000, 0x0000000713600000| Complete 
| 116|0x0000000713800000, 0x000000071398d340, 0x0000000713a00000| 77%| S|CS|TAMS 0x0000000713800000, 0x0000000713800000| Complete 
| 117|0x0000000713a00000, 0x0000000713c00000, 0x0000000713c00000|100%| E|CS|TAMS 0x0000000713a00000, 0x0000000713a00000| Complete 
| 118|0x0000000713c00000, 0x0000000713e00000, 0x0000000713e00000|100%| E|CS|TAMS 0x0000000713c00000, 0x0000000713c00000| Complete 
| 119|0x0000000713e00000, 0x0000000714000000, 0x0000000714000000|100%| E|CS|TAMS 0x0000000713e00000, 0x0000000713e00000| Complete 
| 120|0x0000000714000000, 0x0000000714200000, 0x0000000714200000|100%| E|CS|TAMS 0x0000000714000000, 0x0000000714000000| Complete 
| 121|0x0000000714200000, 0x0000000714400000, 0x0000000714400000|100%| E|CS|TAMS 0x0000000714200000, 0x0000000714200000| Complete 
| 122|0x0000000714400000, 0x0000000714600000, 0x0000000714600000|100%| E|CS|TAMS 0x0000000714400000, 0x0000000714400000| Complete 
| 123|0x0000000714600000, 0x0000000714800000, 0x0000000714800000|100%| E|CS|TAMS 0x0000000714600000, 0x0000000714600000| Complete 
| 124|0x0000000714800000, 0x0000000714a00000, 0x0000000714a00000|100%| E|CS|TAMS 0x0000000714800000, 0x0000000714800000| Complete 
| 125|0x0000000714a00000, 0x0000000714c00000, 0x0000000714c00000|100%| E|CS|TAMS 0x0000000714a00000, 0x0000000714a00000| Complete 

Card table byte_map: [0x000001a315ab0000,0x000001a316290000] _byte_map_base: 0x000001a312288000

Marking Bits (Prev, Next): (CMBitMap*) 0x000001a30854c890, (CMBitMap*) 0x000001a30854c8d0
 Prev Bits: [0x000001a316a70000, 0x000001a31a930000)
 Next Bits: [0x000001a31a930000, 0x000001a31e7f0000)

Polling page: 0x000001a308690000

Metaspace:

Usage:
  Non-class:     13.51 MB used.
      Class:      2.06 MB used.
       Both:     15.57 MB used.

Virtual space:
  Non-class space:       16.00 MB reserved,      13.69 MB ( 86%) committed,  2 nodes.
      Class space:        1.00 GB reserved,       2.19 MB ( <1%) committed,  1 nodes.
             Both:        1.02 GB reserved,      15.88 MB (  2%) committed. 

Chunk freelists:
   Non-Class:  2.36 MB
       Class:  1.86 MB
        Both:  4.22 MB

MaxMetaspaceSize: unlimited
CompressedClassSpaceSize: 1.00 GB
Initial GC threshold: 21.00 MB
Current GC threshold: 21.00 MB
CDS: on
MetaspaceReclaimPolicy: balanced
 - commit_granule_bytes: 65536.
 - commit_granule_words: 8192.
 - virtual_space_node_default_size: 1048576.
 - enlarge_chunks_in_place: 1.
 - new_chunks_are_fully_committed: 0.
 - uncommit_free_chunks: 1.
 - use_allocation_guard: 0.
 - handle_deallocations: 1.


Internal statistics:

num_allocs_failed_limit: 0.
num_arena_births: 256.
num_arena_deaths: 0.
num_vsnodes_births: 3.
num_vsnodes_deaths: 0.
num_space_committed: 254.
num_space_uncommitted: 0.
num_chunks_returned_to_freelist: 0.
num_chunks_taken_from_freelist: 736.
num_chunk_merges: 0.
num_chunk_splits: 489.
num_chunks_enlarged: 355.
num_purges: 0.
num_inconsistent_stats: 0.

CodeCache: size=49152Kb used=6763Kb max_used=6763Kb free=42388Kb
 bounds [0x000001a3119f0000, 0x000001a312090000, 0x000001a3149f0000]
 total_blobs=3024 nmethods=2553 adapters=395
 compilation: enabled
              stopped_count=0, restarted_count=0
 full_count=0

Compilation events (20 events):
Event: 4.587 Thread 0x000001a322620bc0 nmethod 2486 0x000001a31205f090 code [0x000001a31205f280, 0x000001a31205f588]
Event: 4.589 Thread 0x000001a322620bc0 2487       1       java.util.ArrayDeque::peek (5 bytes)
Event: 4.589 Thread 0x000001a322620bc0 nmethod 2487 0x000001a31205f810 code [0x000001a31205f9a0, 0x000001a31205fa98]
Event: 4.591 Thread 0x000001a322620bc0 2488       1       java.util.LinkedHashMap::getOrDefault (29 bytes)
Event: 4.592 Thread 0x000001a322620bc0 nmethod 2488 0x000001a31205fb90 code [0x000001a31205fd40, 0x000001a31205feb8]
Event: 4.592 Thread 0x000001a322620bc0 2489       1       java.util.jar.Manifest$FastInputStream::fill (38 bytes)
Event: 4.592 Thread 0x000001a322620bc0 nmethod 2489 0x000001a31205ff90 code [0x000001a312060120, 0x000001a312060248]
Event: 4.592 Thread 0x000001a322620bc0 2490       1       java.util.concurrent.ConcurrentHashMap::tableSizeFor (32 bytes)
Event: 4.592 Thread 0x000001a322620bc0 nmethod 2490 0x000001a312060310 code [0x000001a3120604c0, 0x000001a312060608]
Event: 4.593 Thread 0x000001a322620bc0 2491       1       org.springframework.core.annotation.TypeMappedAnnotation::createIfPossible (58 bytes)
Event: 4.594 Thread 0x000001a322620bc0 nmethod 2491 0x000001a312060690 code [0x000001a312060860, 0x000001a312060b28]
Event: 4.595 Thread 0x000001a322620bc0 2492       1       org.springframework.core.annotation.TypeMappedAnnotation::isFiltered (28 bytes)
Event: 4.595 Thread 0x000001a3212fafb0 2493       1       org.springframework.core.annotation.TypeMappedAnnotation::getValue (41 bytes)
Event: 4.596 Thread 0x000001a3226210d0 2494       1       org.springframework.core.annotation.TypeMappedAnnotation::adapt (376 bytes)
Event: 4.596 Thread 0x000001a322620bc0 nmethod 2492 0x000001a312060d10 code [0x000001a312060ec0, 0x000001a312061008]
Event: 4.596 Thread 0x000001a322620bc0 2495       1       org.springframework.core.annotation.TypeMappedAnnotation::adaptForAttribute (294 bytes)
Event: 4.596 Thread 0x000001a3212fafb0 nmethod 2493 0x000001a312061090 code [0x000001a312061240, 0x000001a3120613e8]
Event: 4.596 Thread 0x000001a3212fafb0 2496       1       org.springframework.core.annotation.TypeMappedAnnotation::getAdaptType (48 bytes)
Event: 4.597 Thread 0x000001a3212fafb0 nmethod 2496 0x000001a312061590 code [0x000001a312061760, 0x000001a312061a08]
Event: 4.599 Thread 0x000001a3226210d0 nmethod 2494 0x000001a312061b90 code [0x000001a312061ee0, 0x000001a312063088]

GC Heap History (4 events):
Event: 2.346 GC heap before
{Heap before GC invocations=0 (full 0):
 garbage-first heap   total 258048K, used 22528K [0x0000000705000000, 0x0000000800000000)
  region size 2048K, 11 young (22528K), 0 survivors (0K)
 Metaspace       used 6724K, committed 6912K, reserved 1056768K
  class space    used 807K, committed 896K, reserved 1048576K
}
Event: 2.369 GC heap after
{Heap after GC invocations=1 (full 0):
 garbage-first heap   total 258048K, used 6475K [0x0000000705000000, 0x0000000800000000)
  region size 2048K, 2 young (4096K), 2 survivors (4096K)
 Metaspace       used 6724K, committed 6912K, reserved 1056768K
  class space    used 807K, committed 896K, reserved 1048576K
}
Event: 3.290 GC heap before
{Heap before GC invocations=1 (full 0):
 garbage-first heap   total 258048K, used 24907K [0x0000000705000000, 0x0000000800000000)
  region size 2048K, 11 young (22528K), 2 survivors (4096K)
 Metaspace       used 9753K, committed 10048K, reserved 1064960K
  class space    used 1323K, committed 1472K, reserved 1048576K
}
Event: 3.296 GC heap after
{Heap after GC invocations=2 (full 0):
 garbage-first heap   total 258048K, used 8233K [0x0000000705000000, 0x0000000800000000)
  region size 2048K, 1 young (2048K), 1 survivors (2048K)
 Metaspace       used 9753K, committed 10048K, reserved 1064960K
  class space    used 1323K, committed 1472K, reserved 1048576K
}

Deoptimization events (4 events):
Event: 2.184 Thread 0x000001a308745190 DEOPT PACKING pc=0x000001a311c43f01 sp=0x0000000e269fd870
Event: 2.184 Thread 0x000001a308745190 DEOPT UNPACKING pc=0x000001a311a42b43 sp=0x0000000e269fccc8 mode 3
Event: 3.515 Thread 0x000001a3229281e0 DEOPT PACKING pc=0x000001a311f93079 sp=0x0000000e289fc640
Event: 3.515 Thread 0x000001a3229281e0 DEOPT UNPACKING pc=0x000001a311a42b43 sp=0x0000000e289fbb20 mode 3

Classes unloaded (0 events):
No events

Classes redefined (0 events):
No events

Internal exceptions (20 events):
Event: 3.663 Thread 0x000001a3228ff750 Exception <a 'java/lang/NoSuchMethodError'{0x0000000713b1c060}: 'long java.lang.invoke.DirectMethodHandle$Holder.invokeInterface(java.lang.Object, java.lang.Object)'> (0x0000000713b1c060) 
thrown [t:\workspace\open\src\hotspot\share\interpreter\linkResolver.cpp, line 766]
Event: 3.663 Thread 0x000001a3228ff750 Exception <a 'java/lang/IncompatibleClassChangeError'{0x0000000713b1f5f0}: Found class java.lang.Object, but interface was expected> (0x0000000713b1f5f0) 
thrown [t:\workspace\open\src\hotspot\share\interpreter\linkResolver.cpp, line 833]
Event: 3.678 Thread 0x000001a3229281e0 Exception <a 'java/lang/ClassNotFoundException'{0x0000000713a8fbc8}: java/lang/ObjectCustomizer> (0x0000000713a8fbc8) 
thrown [t:\workspace\open\src\hotspot\share\classfile\systemDictionary.cpp, line 256]
Event: 3.683 Thread 0x000001a3229281e0 Exception <a 'java/lang/IncompatibleClassChangeError'{0x0000000713a94938}: Found class java.lang.Object, but interface was expected> (0x0000000713a94938) 
thrown [t:\workspace\open\src\hotspot\share\interpreter\linkResolver.cpp, line 833]
Event: 3.690 Thread 0x000001a3229281e0 Exception <a 'java/lang/ClassNotFoundException'{0x0000000713b83130}: org/springframework/context/annotation/ConfigurationClassPostProcessorCustomizer> (0x0000000713b83130) 
thrown [t:\workspace\open\src\hotspot\share\classfile\systemDictionary.cpp, line 256]
Event: 3.696 Thread 0x000001a3229281e0 Exception <a 'java/lang/ClassNotFoundException'{0x0000000713ba7188}: org/springframework/beans/factory/support/BeanDefinitionRegistryPostProcessorCustomizer> (0x0000000713ba7188) 
thrown [t:\workspace\open\src\hotspot\share\classfile\systemDictionary.cpp, line 256]
Event: 3.698 Thread 0x000001a3229281e0 Exception <a 'java/lang/ClassNotFoundException'{0x0000000713bac6f8}: org/springframework/beans/factory/config/BeanFactoryPostProcessorCustomizer> (0x0000000713bac6f8) 
thrown [t:\workspace\open\src\hotspot\share\classfile\systemDictionary.cpp, line 256]
Event: 3.699 Thread 0x000001a3229281e0 Exception <a 'java/lang/ClassNotFoundException'{0x0000000713bb1a70}: org/springframework/core/PriorityOrderedCustomizer> (0x0000000713bb1a70) 
thrown [t:\workspace\open\src\hotspot\share\classfile\systemDictionary.cpp, line 256]
Event: 3.700 Thread 0x000001a3229281e0 Exception <a 'java/lang/ClassNotFoundException'{0x0000000713bb5a48}: org/springframework/core/OrderedCustomizer> (0x0000000713bb5a48) 
thrown [t:\workspace\open\src\hotspot\share\classfile\systemDictionary.cpp, line 256]
Event: 3.701 Thread 0x000001a3229281e0 Exception <a 'java/lang/ClassNotFoundException'{0x0000000713bbac20}: org/springframework/context/ResourceLoaderAwareCustomizer> (0x0000000713bbac20) 
thrown [t:\workspace\open\src\hotspot\share\classfile\systemDictionary.cpp, line 256]
Event: 3.703 Thread 0x000001a3229281e0 Exception <a 'java/lang/ClassNotFoundException'{0x0000000713bbff58}: org/springframework/beans/factory/AwareCustomizer> (0x0000000713bbff58) 
thrown [t:\workspace\open\src\hotspot\share\classfile\systemDictionary.cpp, line 256]
Event: 3.704 Thread 0x000001a3229281e0 Exception <a 'java/lang/ClassNotFoundException'{0x0000000713bc4280}: org/springframework/context/ApplicationStartupAwareCustomizer> (0x0000000713bc4280) 
thrown [t:\workspace\open\src\hotspot\share\classfile\systemDictionary.cpp, line 256]
Event: 3.704 Thread 0x000001a3228ff750 Exception <a 'java/lang/NoSuchMethodError'{0x000000071360f4f8}: 'java.lang.Object java.lang.invoke.DirectMethodHandle$Holder.invokeVirtual(java.lang.Object, java.lang.Object, java.lang.Object, java.lang.Object)'> (0x000000071360f4f8) 
thrown [t:\workspace\open\src\hotspot\share\interpreter\linkResolver.cpp, line 766]
Event: 3.705 Thread 0x000001a3229281e0 Exception <a 'java/lang/ClassNotFoundException'{0x0000000713bc9840}: org/springframework/beans/factory/AwareCustomizer> (0x0000000713bc9840) 
thrown [t:\workspace\open\src\hotspot\share\classfile\systemDictionary.cpp, line 256]
Event: 3.706 Thread 0x000001a3229281e0 Exception <a 'java/lang/ClassNotFoundException'{0x0000000713bcdb60}: org/springframework/beans/factory/BeanClassLoaderAwareCustomizer> (0x0000000713bcdb60) 
thrown [t:\workspace\open\src\hotspot\share\classfile\systemDictionary.cpp, line 256]
Event: 3.707 Thread 0x000001a3229281e0 Exception <a 'java/lang/ClassNotFoundException'{0x0000000713bd2e80}: org/springframework/beans/factory/AwareCustomizer> (0x0000000713bd2e80) 
thrown [t:\workspace\open\src\hotspot\share\classfile\systemDictionary.cpp, line 256]
Event: 3.708 Thread 0x000001a3229281e0 Exception <a 'java/lang/ClassNotFoundException'{0x0000000713bd6f78}: org/springframework/context/EnvironmentAwareCustomizer> (0x0000000713bd6f78) 
thrown [t:\workspace\open\src\hotspot\share\classfile\systemDictionary.cpp, line 256]
Event: 3.709 Thread 0x000001a3229281e0 Exception <a 'java/lang/ClassNotFoundException'{0x0000000713bdc230}: org/springframework/beans/factory/AwareCustomizer> (0x0000000713bdc230) 
thrown [t:\workspace\open\src\hotspot\share\classfile\systemDictionary.cpp, line 256]
Event: 4.295 Thread 0x000001a3229281e0 Exception <a 'java/lang/IncompatibleClassChangeError'{0x0000000712c81f08}: Found class java.lang.Object, but interface was expected> (0x0000000712c81f08) 
thrown [t:\workspace\open\src\hotspot\share\interpreter\linkResolver.cpp, line 833]
Event: 4.389 Thread 0x000001a3229281e0 Exception <a 'java/lang/NoSuchMethodError'{0x0000000712b2e3c0}: 'void java.lang.invoke.DirectMethodHandle$Holder.invokeInterface(java.lang.Object, java.lang.Object, java.lang.Object, java.lang.Object)'> (0x0000000712b2e3c0) 
thrown [t:\workspace\open\src\hotspot\share\interpreter\linkResolver.cpp, line 766]

VM Operations (20 events):
Event: 1.486 Executing VM operation: Cleanup
Event: 1.486 Executing VM operation: Cleanup done
Event: 2.088 Executing VM operation: HandshakeAllThreads
Event: 2.088 Executing VM operation: HandshakeAllThreads done
Event: 2.346 Executing VM operation: G1CollectForAllocation
Event: 2.370 Executing VM operation: G1CollectForAllocation done
Event: 2.536 Executing VM operation: HandshakeAllThreads
Event: 2.536 Executing VM operation: HandshakeAllThreads done
Event: 2.981 Executing VM operation: HandshakeAllThreads
Event: 2.981 Executing VM operation: HandshakeAllThreads done
Event: 3.281 Executing VM operation: ICBufferFull
Event: 3.281 Executing VM operation: ICBufferFull done
Event: 3.290 Executing VM operation: G1CollectForAllocation
Event: 3.296 Executing VM operation: G1CollectForAllocation done
Event: 3.323 Executing VM operation: HandshakeAllThreads
Event: 3.323 Executing VM operation: HandshakeAllThreads done
Event: 3.624 Executing VM operation: HandshakeAllThreads
Event: 3.624 Executing VM operation: HandshakeAllThreads done
Event: 3.743 Executing VM operation: HandshakeAllThreads
Event: 3.743 Executing VM operation: HandshakeAllThreads done

Events (20 events):
Event: 3.689 loading class java/beans/SimpleBeanInfo
Event: 3.689 loading class java/beans/SimpleBeanInfo done
Event: 3.689 loading class java/beans/GenericBeanInfo done
Event: 3.691 loading class java/util/Hashtable$EntrySet
Event: 3.691 loading class java/util/Hashtable$EntrySet done
Event: 3.695 loading class java/util/AbstractList$ListItr
Event: 3.695 loading class java/util/AbstractList$ListItr done
Event: 3.715 Thread 0x000001a3228ff750 Thread exited: 0x000001a3228ff750
Event: 3.764 loading class java/util/regex/Pattern$LazyLoop
Event: 3.764 loading class java/util/regex/Pattern$Loop
Event: 3.764 loading class java/util/regex/Pattern$Loop done
Event: 3.764 loading class java/util/regex/Pattern$LazyLoop done
Event: 3.764 loading class java/util/regex/Pattern$Prolog
Event: 3.764 loading class java/util/regex/Pattern$Prolog done
Event: 4.120 Thread 0x000001a323996290 Thread added: 0x000001a323996290
Event: 4.168 loading class javax/naming/ldap/LdapContext
Event: 4.168 loading class javax/naming/directory/DirContext
Event: 4.168 loading class javax/naming/directory/DirContext done
Event: 4.168 loading class javax/naming/ldap/LdapContext done
Event: 4.279 Thread 0x000001a323996290 Thread exited: 0x000001a323996290


Dynamic libraries:
0x00007ff612f50000 - 0x00007ff612f5e000 	C:\Users\pshook\.jdks\openjdk-17.0.1\bin\java.exe
0x00007ff8f8510000 - 0x00007ff8f8705000 	C:\WINDOWS\SYSTEM32\ntdll.dll
0x00007ff8f8050000 - 0x00007ff8f810e000 	C:\WINDOWS\System32\KERNEL32.DLL
0x00007ff8f5f40000 - 0x00007ff8f6209000 	C:\WINDOWS\System32\KERNELBASE.dll
0x00007ff8f1860000 - 0x00007ff8f1878000 	C:\Users\pshook\.jdks\openjdk-17.0.1\bin\jli.dll
0x00007ff8f0bb0000 - 0x00007ff8f0bca000 	C:\Users\pshook\.jdks\openjdk-17.0.1\bin\VCRUNTIME140.dll
0x00007ff8f71c0000 - 0x00007ff8f7361000 	C:\WINDOWS\System32\USER32.dll
0x00007ff8f6530000 - 0x00007ff8f6552000 	C:\WINDOWS\System32\win32u.dll
0x00007ff8f6350000 - 0x00007ff8f6450000 	C:\WINDOWS\System32\ucrtbase.dll
0x00007ff8f7f70000 - 0x00007ff8f7f9b000 	C:\WINDOWS\System32\GDI32.dll
0x00007ff8e1990000 - 0x00007ff8e1c2a000 	C:\WINDOWS\WinSxS\amd64_microsoft.windows.common-controls_6595b64144ccf1df_6.0.19041.1110_none_60b5254171f9507e\COMCTL32.dll
0x00007ff8f6210000 - 0x00007ff8f631b000 	C:\WINDOWS\System32\gdi32full.dll
0x00007ff8f6bb0000 - 0x00007ff8f6c4e000 	C:\WINDOWS\System32\msvcrt.dll
0x00007ff8f5ea0000 - 0x00007ff8f5f3d000 	C:\WINDOWS\System32\msvcp_win.dll
0x00007ff8f6c60000 - 0x00007ff8f6c90000 	C:\WINDOWS\System32\IMM32.DLL
0x00007ff8f0300000 - 0x00007ff8f03a4000 	C:\Program Files\McAfee\Endpoint Security\Threat Prevention\Ips\EpMPApi.dll
0x00007ff8f6ea0000 - 0x00007ff8f6fca000 	C:\WINDOWS\System32\RPCRT4.dll
0x00007ff8f7370000 - 0x00007ff8f741c000 	C:\WINDOWS\System32\ADVAPI32.dll
0x00007ff8f7fa0000 - 0x00007ff8f803b000 	C:\WINDOWS\System32\sechost.dll
0x00007ff8f5d90000 - 0x00007ff8f5df0000 	C:\WINDOWS\System32\WINTRUST.dll
0x00007ff8f5c30000 - 0x00007ff8f5d86000 	C:\WINDOWS\System32\CRYPT32.dll
0x00007ff8f5810000 - 0x00007ff8f5822000 	C:\WINDOWS\SYSTEM32\MSASN1.dll
0x000000005dba0000 - 0x000000005dbac000 	C:\Program Files\McAfee\Endpoint Security\Threat Prevention\Ips\EpMPThe.dll
0x00007ff89d1d0000 - 0x00007ff89d229000 	C:\Program Files\McAfee\Endpoint Security\Threat Prevention\Ips\HIPHandlers64.dll
0x00007ff8f8470000 - 0x00007ff8f84c5000 	C:\WINDOWS\System32\SHLWAPI.dll
0x00007ff8e5bf0000 - 0x00007ff8e5dd4000 	C:\WINDOWS\SYSTEM32\dbghelp.dll
0x00007ff8f1810000 - 0x00007ff8f181c000 	C:\Users\pshook\.jdks\openjdk-17.0.1\bin\vcruntime140_1.dll
0x00007ff8bb660000 - 0x00007ff8bb6ed000 	C:\Users\pshook\.jdks\openjdk-17.0.1\bin\msvcp140.dll
0x00007ff8859b0000 - 0x00007ff88656e000 	C:\Users\pshook\.jdks\openjdk-17.0.1\bin\server\jvm.dll
0x00007ff8f6c50000 - 0x00007ff8f6c58000 	C:\WINDOWS\System32\PSAPI.DLL
0x00007ff8db930000 - 0x00007ff8db939000 	C:\WINDOWS\SYSTEM32\WSOCK32.dll
0x00007ff8f6b40000 - 0x00007ff8f6bab000 	C:\WINDOWS\System32\WS2_32.dll
0x00007ff8ea050000 - 0x00007ff8ea077000 	C:\WINDOWS\SYSTEM32\WINMM.dll
0x00007ff8ea080000 - 0x00007ff8ea08a000 	C:\WINDOWS\SYSTEM32\VERSION.dll
0x00007ff8f39e0000 - 0x00007ff8f39f2000 	C:\WINDOWS\SYSTEM32\kernel.appcore.dll
0x00007ff8f1590000 - 0x00007ff8f159a000 	C:\Users\pshook\.jdks\openjdk-17.0.1\bin\jimage.dll
0x00007ff8d47b0000 - 0x00007ff8d47dc000 	C:\WINDOWS\SYSTEM32\dbgcore.DLL
0x00007ff8f64a0000 - 0x00007ff8f6523000 	C:\WINDOWS\System32\bcryptPrimitives.dll
0x00007ff8f06d0000 - 0x00007ff8f06de000 	C:\Users\pshook\.jdks\openjdk-17.0.1\bin\instrument.dll
0x00007ff8f0b80000 - 0x00007ff8f0ba5000 	C:\Users\pshook\.jdks\openjdk-17.0.1\bin\java.dll
0x00007ff8b7420000 - 0x00007ff8b74f6000 	C:\Users\pshook\.jdks\openjdk-17.0.1\bin\svml.dll
0x00007ff8f77b0000 - 0x00007ff8f7eef000 	C:\WINDOWS\System32\SHELL32.dll
0x00007ff8f3be0000 - 0x00007ff8f4370000 	C:\WINDOWS\SYSTEM32\windows.storage.dll
0x00007ff8f5590000 - 0x00007ff8f55bc000 	C:\WINDOWS\SYSTEM32\Wldp.dll
0x000001a321c00000 - 0x000001a321f55000 	C:\WINDOWS\System32\combase.dll
0x00007ff8f70b0000 - 0x00007ff8f715d000 	C:\WINDOWS\System32\SHCORE.dll
0x00007ff8f5b70000 - 0x00007ff8f5b8f000 	C:\WINDOWS\SYSTEM32\profapi.dll
0x00007ff8ef5c0000 - 0x00007ff8ef5d8000 	C:\Users\pshook\.jdks\openjdk-17.0.1\bin\zip.dll
0x00007ff8f06e0000 - 0x00007ff8f06f9000 	C:\Users\pshook\.jdks\openjdk-17.0.1\bin\net.dll
0x00007ff8f4c30000 - 0x00007ff8f4d38000 	C:\WINDOWS\SYSTEM32\WINHTTP.dll
0x00007ff8f5380000 - 0x00007ff8f53ea000 	C:\WINDOWS\system32\mswsock.dll
0x00007ff8f0260000 - 0x00007ff8f0275000 	C:\Users\pshook\.jdks\openjdk-17.0.1\bin\nio.dll
0x00007ff8caaf0000 - 0x00007ff8cab0a000 	C:\Program Files\JetBrains\IntelliJ IDEA 2021.2\bin\breakgen64.dll
0x00007ff8f5090000 - 0x00007ff8f515c000 	C:\WINDOWS\SYSTEM32\DNSAPI.dll
0x00007ff8f5040000 - 0x00007ff8f507b000 	C:\WINDOWS\SYSTEM32\IPHLPAPI.DLL
0x00007ff8f8040000 - 0x00007ff8f8048000 	C:\WINDOWS\System32\NSI.dll
0x00007ff8e6430000 - 0x00007ff8e643a000 	C:\Windows\System32\rasadhlp.dll
0x00007ff8f0c30000 - 0x00007ff8f0caf000 	C:\WINDOWS\System32\fwpuclnt.dll
0x00007ff8f6320000 - 0x00007ff8f6347000 	C:\WINDOWS\System32\bcrypt.dll
0x00007ff8ef900000 - 0x00007ff8ef909000 	C:\Users\pshook\.jdks\openjdk-17.0.1\bin\management.dll
0x00007ff8ef5b0000 - 0x00007ff8ef5bb000 	C:\Users\pshook\.jdks\openjdk-17.0.1\bin\management_ext.dll
0x00007ff8f55e0000 - 0x00007ff8f55f8000 	C:\WINDOWS\SYSTEM32\CRYPTSP.dll
0x00007ff8f4ba0000 - 0x00007ff8f4bd4000 	C:\WINDOWS\system32\rsaenh.dll
0x00007ff8f5af0000 - 0x00007ff8f5b1e000 	C:\WINDOWS\SYSTEM32\USERENV.dll
0x00007ff8f55c0000 - 0x00007ff8f55cc000 	C:\WINDOWS\SYSTEM32\CRYPTBASE.dll
0x00007ff8f0840000 - 0x00007ff8f0857000 	C:\WINDOWS\SYSTEM32\dhcpcsvc6.DLL
0x00007ff8f07b0000 - 0x00007ff8f07cd000 	C:\WINDOWS\SYSTEM32\dhcpcsvc.DLL
0x00007ff8e1cf0000 - 0x00007ff8e1d07000 	C:\WINDOWS\system32\napinsp.dll
0x00007ff8e1c50000 - 0x00007ff8e1c6b000 	C:\WINDOWS\system32\pnrpnsp.dll
0x00007ff8e1cd0000 - 0x00007ff8e1ce5000 	C:\WINDOWS\system32\wshbth.dll
0x00007ff8f3090000 - 0x00007ff8f30ad000 	C:\WINDOWS\system32\NLAapi.dll
0x00007ff8e1ed0000 - 0x00007ff8e1ee2000 	C:\WINDOWS\System32\winrnr.dll

dbghelp: loaded successfully - version: 4.0.5 - missing functions: none
symbol engine: initialized successfully - sym options: 0x614 - pdb path: .;C:\Users\pshook\.jdks\openjdk-17.0.1\bin;C:\WINDOWS\SYSTEM32;C:\WINDOWS\WinSxS\amd64_microsoft.windows.common-controls_6595b64144ccf1df_6.0.19041.1110_none_60b5254171f9507e;C:\Program Files\McAfee\Endpoint Security\Threat Prevention\Ips;C:\Users\pshook\.jdks\openjdk-17.0.1\bin\server;C:\Program Files\JetBrains\IntelliJ IDEA 2021.2\bin

VM Arguments:
jvm_args: -XX:TieredStopAtLevel=1 -Xverify:none -Dspring.output.ansi.enabled=always -javaagent:C:\Program Files\JetBrains\IntelliJ IDEA 2021.2\lib\idea_rt.jar=60029:C:\Program Files\JetBrains\IntelliJ IDEA 2021.2\bin -Dcom.sun.management.jmxremote -Dspring.jmx.enabled=true -Dspring.liveBeansView.mbeanDomain -Dspring.application.admin.enabled=true -Dfile.encoding=UTF-8 
java_command: com.fitness.fitnessbuddy.FitnessBuddyApplication
java_class_path (initial): C:\Users\pshook\Desktop\Project3\Paypal-Java-Project3\target\classes;C:\Users\pshook\.m2\repository\org\springframework\boot\spring-boot-starter-data-mongodb\2.5.6\spring-boot-starter-data-mongodb-2.5.6.jar;C:\Users\pshook\.m2\repository\org\springframework\boot\spring-boot-starter\2.5.6\spring-boot-starter-2.5.6.jar;C:\Users\pshook\.m2\repository\org\springframework\boot\spring-boot-starter-logging\2.5.6\spring-boot-starter-logging-2.5.6.jar;C:\Users\pshook\.m2\repository\ch\qos\logback\logback-classic\1.2.6\logback-classic-1.2.6.jar;C:\Users\pshook\.m2\repository\ch\qos\logback\logback-core\1.2.6\logback-core-1.2.6.jar;C:\Users\pshook\.m2\repository\org\apache\logging\log4j\log4j-to-slf4j\2.14.1\log4j-to-slf4j-2.14.1.jar;C:\Users\pshook\.m2\repository\org\apache\logging\log4j\log4j-api\2.14.1\log4j-api-2.14.1.jar;C:\Users\pshook\.m2\repository\org\slf4j\jul-to-slf4j\1.7.32\jul-to-slf4j-1.7.32.jar;C:\Users\pshook\.m2\repository\jakarta\annotation\jakarta.annotation-api\1.3.5\jakarta.annotation-api-1.3.5.jar;C:\Users\pshook\.m2\repository\org\yaml\snakeyaml\1.28\snakeyaml-1.28.jar;C:\Users\pshook\.m2\repository\org\mongodb\mongodb-driver-sync\4.2.3\mongodb-driver-sync-4.2.3.jar;C:\Users\pshook\.m2\repository\org\mongodb\bson\4.2.3\bson-4.2.3.jar;C:\Users\pshook\.m2\repository\org\mongodb\mongodb-driver-core\4.2.3\mongodb-driver-core-4.2.3.jar;C:\Users\pshook\.m2\repository\org\springframework\data\spring-data-mongodb\3.2.6\spring-data-mongodb-3.2.6.jar;C:\Users\pshook\.m2\repository\org\springframework\spring-tx\5.3.12\spring-tx-5.3.12.jar;C:\Users\pshook\.m2\repository\org\springframework\spring-context\5.3.12\spring-context-5.3.12.jar;C:\Users\pshook\.m2\repository\org\springframework\spring-beans\5.3.12\spring-beans-5.3.12.jar;C:\Users\pshook\.m2\repository\org\springframework\spring-expression\5.3.12\spring-expression-5.3.12.jar;C:\Users\pshook\.m2\repository\org\springframework\data\spring-data-commons\2.5.6\spring-data-commons-2.5.
Launcher Type: SUN_STANDARD

[Global flags]
     intx CICompilerCount                          = 4                                         {product} {ergonomic}
     uint ConcGCThreads                            = 2                                         {product} {ergonomic}
     uint G1ConcRefinementThreads                  = 8                                         {product} {ergonomic}
   size_t G1HeapRegionSize                         = 2097152                                   {product} {ergonomic}
    uintx GCDrainStackTargetSize                   = 64                                        {product} {ergonomic}
   size_t InitialHeapSize                          = 264241152                                 {product} {ergonomic}
     bool ManagementServer                         = true                                      {product} {command line}
   size_t MarkStackSize                            = 4194304                                   {product} {ergonomic}
   size_t MaxHeapSize                              = 4211081216                                {product} {ergonomic}
   size_t MaxNewSize                               = 2524971008                                {product} {ergonomic}
   size_t MinHeapDeltaBytes                        = 2097152                                   {product} {ergonomic}
   size_t MinHeapSize                              = 8388608                                   {product} {ergonomic}
    uintx NonProfiledCodeHeapSize                  = 0                                      {pd product} {ergonomic}
     bool ProfileInterpreter                       = false                                  {pd product} {command line}
    uintx ProfiledCodeHeapSize                     = 0                                      {pd product} {ergonomic}
   size_t SoftMaxHeapSize                          = 4211081216                             {manageable} {ergonomic}
     intx TieredStopAtLevel                        = 1                                         {product} {command line}
     bool UseCompressedClassPointers               = true                           {product lp64_product} {ergonomic}
     bool UseCompressedOops                        = true                           {product lp64_product} {ergonomic}
     bool UseG1GC                                  = true                                      {product} {ergonomic}
     bool UseLargePagesIndividualAllocation        = false                                  {pd product} {ergonomic}

Logging:
Log output configuration:
 #0: stdout all=warning uptime,level,tags
 #1: stderr all=off uptime,level,tags

Environment Variables:
JAVA_HOME=C:\Program Files\Java\jdk-11.0.12
PATH=C:\Program Files (x86)\Nice Systems\NICE Player Codec Pack\\;C:\WINDOWS\system32;C:\WINDOWS;C:\WINDOWS\System32\Wbem;C:\WINDOWS\System32\WindowsPowerShell\v1.0\;C:\WINDOWS\System32\OpenSSH\;C:\WINDOWS\system32;C:\WINDOWS;C:\WINDOWS\System32\Wbem;C:\WINDOWS\System32\WindowsPowerShell\v1.0\;C:\WINDOWS\System32\OpenSSH\;C:\Program Files\Docker\Docker\resources\bin;C:\ProgramData\DockerDesktop\version-bin;C:\Program Files\PostgreSQL\13\bin\;C:\Program Files\Maven\apache-maven-3.8.1\bin;C:\Users\pshook\AppData\Local\Microsoft\WindowsApps;C:\Users\pshook\AppData\Local\Programs\Git\cmd;C:\Program Files\MongoDB\Server\5.0\bin;
USERNAME=pshook
OS=Windows_NT
PROCESSOR_IDENTIFIER=Intel64 Family 6 Model 142 Stepping 12, GenuineIntel



---------------  S Y S T E M  ---------------

OS:
 Windows 10 , 64 bit Build 19041 (10.0.19041.1202)
OS uptime: 2 days 4:27 hours
Hyper-V role detected

CPU: total 8 (initial active 8) (4 cores per cpu, 2 threads per core) family 6 model 142 stepping 12 microcode 0xd6, cx8, cmov, fxsr, ht, mmx, 3dnowpref, sse, sse2, sse3, ssse3, sse4.1, sse4.2, popcnt, lzcnt, tsc, tscinvbit, avx, avx2, aes, erms, clmul, bmi1, bmi2, adx, fma, vzeroupper, clflush, clflushopt, hv

Memory: 4k page, system-wide physical 16059M (3391M free)
TotalPageFile size 20155M (AvailPageFile size 4M)
current process WorkingSet (physical memory assigned to process): 115M, peak: 115M
current process commit charge ("private bytes"): 370M, peak: 370M

vm_info: OpenJDK 64-Bit Server VM (17.0.1+12-39) for windows-amd64 JRE (17.0.1+12-39), built on Sep 27 2021 18:39:29 by "mach5one" with MS VC++ 16.8 (VS2019)

END.
